<?xml version="1.0" encoding="utf-8"?><testsuites name="pytest tests"><testsuite name="pytest" errors="0" failures="0" skipped="0" tests="26" time="0.481" timestamp="2025-10-31T11:29:49.995225+00:00" hostname="16a0e8db1c3d"><testcase classname="tests.test_dataclean.TestDataClean" name="test_validate_email" time="0.001" /><testcase classname="tests.test_dataclean.TestDataClean" name="test_normalize_name" time="0.003" /><testcase classname="tests.test_dataclean.TestDataClean" name="test_split_name" time="0.001" /><testcase classname="tests.test_dataclean.TestDataClean" name="test_normalize_email_prefix" time="0.001" /><testcase classname="tests.test_dataclean.TestDataClean" name="test_get_nickname_variants" time="0.001" /><testcase classname="tests.test_dataclean.TestDataClean" name="test_is_valid_developer_record" time="0.001" /><testcase classname="tests.test_dataclean.TestDataClean" name="test_preprocess_developer_data" time="0.001" /><testcase classname="tests.test_datacompare.TestDataCompare" name="test_calculate_similarity" time="0.001" /><testcase classname="tests.test_datacompare.TestDataCompare" name="test_condition_c1" time="0.001" /><testcase classname="tests.test_datacompare.TestDataCompare" name="test_condition_c2" time="0.001" /><testcase classname="tests.test_datacompare.TestDataCompare" name="test_condition_c3" time="0.001" /><testcase classname="tests.test_datacompare.TestDataCompare" name="test_condition_c4" time="0.001" /><testcase classname="tests.test_datacompare.TestDataCompare" name="test_condition_c5" time="0.001" /><testcase classname="tests.test_datacompare.TestDataCompare" name="test_condition_c6" time="0.001" /><testcase classname="tests.test_datacompare.TestDataCompare" name="test_condition_c7" time="0.001" /><testcase classname="tests.test_datacompare.TestDataCompare" name="test_are_duplicates_bird" time="0.001" /><testcase classname="tests.test_datacompare.TestDataCompare" name="test_check_nickname_match" time="0.001" /><testcase classname="tests.test_datacompare.TestDataCompare" name="test_calculate_token_similarity" time="0.001" /><testcase classname="tests.test_datacompare.TestDataCompare" name="test_calculate_domain_similarity" time="0.001" /><testcase classname="tests.test_datacompare.TestDataCompare" name="test_are_duplicates_improved" time="0.001" /><testcase classname="tests.test_datacompare.TestDataCompare" name="test_get_matched_conditions" time="0.001" /><testcase classname="tests.test_utils.TestUtils" name="test_save_duplicates_csv_empty" time="0.002" /><testcase classname="tests.test_utils.TestUtils" name="test_save_duplicates_csv_with_data" time="0.002" /><testcase classname="tests.test_utils.TestUtils" name="test_calculate_precision_recall" time="0.001" /><testcase classname="tests.test_utils.TestUtils" name="test_validate_duplicate_pair" time="0.001" /><testcase classname="tests.test_utils.TestUtils" name="test_validate_duplicate_pair_different" time="0.001" /></testsuite></testsuites>